<?xml version="1.0" encoding="UTF-8"?>
<!-- Generated by org.testng.reporters.JUnitReportReporter -->
<testsuite hostname="Unknown-b0:be:83:34:0b:00" failures="0" tests="3" name="com.test.TestNGMavenJenkins.SampleTestNgTest" time="0.014" errors="0" timestamp="2022-01-03T14:51:58 GMT" skipped="0">
  <testcase classname="com.test.TestNGMavenJenkins.SampleTestNgTest" name="testCase1" time="0.009"/>
  <system-out/>
  <testcase classname="com.test.TestNGMavenJenkins.SampleTestNgTest" name="testCase2" time="0.004"/>
  <system-out/>
  <testcase classname="com.test.TestNGMavenJenkins.SampleTestNgTest" name="testCase3" time="0.001"/>
  <system-out/>
</testsuite> <!-- com.test.TestNGMavenJenkins.SampleTestNgTest -->
